0 info it worked if it ends with ok
1 verbose cli [ 'D:\\develop\\nodeJS\\node.exe',
1 verbose cli   'D:\\develop\\nodeJS\\node_modules\\npm\\bin\\npm-cli.js',
1 verbose cli   'run',
1 verbose cli   'start' ]
2 info using npm@4.1.2
3 info using node@v7.7.1
4 verbose run-script [ 'prestart', 'start', 'poststart' ]
5 info lifecycle electron-antdTable-excelExport-copyRow@1.0.0~prestart: electron-antdTable-excelExport-copyRow@1.0.0
6 silly lifecycle electron-antdTable-excelExport-copyRow@1.0.0~prestart: no script for prestart, continuing
7 info lifecycle electron-antdTable-excelExport-copyRow@1.0.0~start: electron-antdTable-excelExport-copyRow@1.0.0
8 verbose lifecycle electron-antdTable-excelExport-copyRow@1.0.0~start: unsafe-perm in lifecycle true
9 verbose lifecycle electron-antdTable-excelExport-copyRow@1.0.0~start: PATH: D:\develop\nodeJS\node_modules\npm\bin\node-gyp-bin;F:\electron\electron-antdTable-excelExport-copyRow\node_modules\.bin;C:\Users\jun.xie\bin;C:\Program Files (x86)\Git\mingw32\bin;C:\Program Files (x86)\Git\usr\local\bin;C:\Program Files (x86)\Git\usr\bin;C:\Program Files (x86)\Git\usr\bin;C:\Program Files (x86)\Git\mingw32\bin;C:\Program Files (x86)\Git\usr\bin;C:\Users\jun.xie\bin;C:\ProgramData\Oracle\Java\javapath;C:\Windows\system32;C:\Windows;C:\Windows\System32\Wbem;C:\Windows\System32\WindowsPowerShell\v1.0;E:\java\jdk\jre\bin;D:\develop\nodeJS;C:\Users\jun.xie\mysql-5.6.34-winx64\bin;D:\develop\nodeJS\node_global;D:\develop\nodeJS;C:\Users\jun.xie\AppData\Roaming\npm;C:\Program Files (x86)\Git\usr\bin\vendor_perl;C:\Program Files (x86)\Git\usr\bin\core_perl
10 verbose lifecycle electron-antdTable-excelExport-copyRow@1.0.0~start: CWD: F:\electron\electron-antdTable-excelExport-copyRow
11 silly lifecycle electron-antdTable-excelExport-copyRow@1.0.0~start: Args: [ '/d /s /c', 'webpack --watch' ]
12 silly lifecycle electron-antdTable-excelExport-copyRow@1.0.0~start: Returned: code: 1  signal: null
13 info lifecycle electron-antdTable-excelExport-copyRow@1.0.0~start: Failed to exec start script
14 verbose stack Error: electron-antdTable-excelExport-copyRow@1.0.0 start: `webpack --watch`
14 verbose stack Exit status 1
14 verbose stack     at EventEmitter.<anonymous> (D:\develop\nodeJS\node_modules\npm\lib\utils\lifecycle.js:279:16)
14 verbose stack     at emitTwo (events.js:106:13)
14 verbose stack     at EventEmitter.emit (events.js:194:7)
14 verbose stack     at ChildProcess.<anonymous> (D:\develop\nodeJS\node_modules\npm\lib\utils\spawn.js:40:14)
14 verbose stack     at emitTwo (events.js:106:13)
14 verbose stack     at ChildProcess.emit (events.js:194:7)
14 verbose stack     at maybeClose (internal/child_process.js:899:16)
14 verbose stack     at Process.ChildProcess._handle.onexit (internal/child_process.js:226:5)
15 verbose pkgid electron-antdTable-excelExport-copyRow@1.0.0
16 verbose cwd F:\electron\electron-antdTable-excelExport-copyRow
17 error Windows_NT 6.1.7601
18 error argv "D:\\develop\\nodeJS\\node.exe" "D:\\develop\\nodeJS\\node_modules\\npm\\bin\\npm-cli.js" "run" "start"
19 error node v7.7.1
20 error npm  v4.1.2
21 error code ELIFECYCLE
22 error electron-antdTable-excelExport-copyRow@1.0.0 start: `webpack --watch`
22 error Exit status 1
23 error Failed at the electron-antdTable-excelExport-copyRow@1.0.0 start script 'webpack --watch'.
23 error Make sure you have the latest version of node.js and npm installed.
23 error If you do, this is most likely a problem with the electron-antdTable-excelExport-copyRow package,
23 error not with npm itself.
23 error Tell the author that this fails on your system:
23 error     webpack --watch
23 error You can get information on how to open an issue for this project with:
23 error     npm bugs electron-antdTable-excelExport-copyRow
23 error Or if that isn't available, you can get their info via:
23 error     npm owner ls electron-antdTable-excelExport-copyRow
23 error There is likely additional logging output above.
24 verbose exit [ 1, true ]
